Input received: {"title":"Poetry Writing","club":"Literature Club","dateTime":"April 28 2025 @ 3PM","description":"Learn poetry writing"}
Insert successful. ID: 4
Input received: {"title":"Pottery Class","club":"Pottery Club","dateTime":"April 28 2025 @ 3PM","description":"Learn how to make pots!"}
Insert successful. ID: 5
Input received: {"title":"Pottery Class","club":"Traditional Arts Society","dateTime":"2025-05-24 16:30:00","description":"Learn how to make pots!"}
Insert successful. ID: 6
Input received: {"title":"Campus Clean Up Green Up","club":"Community Wellness Club","dateTime":"2025-05-25 10:00:00","description":"A positive contribution to the community and the ecological well-being of the campus.It’s a great community initiative, offering a diverse student body to come together and do some good."}
Insert successful. ID: 7
Input received: {"title":"Poetry Writing","club":"Literature Club","dateTime":"2025-05-20 9:00:00","description":"Learn poetry writing."}
Insert successful. ID: 8
Input received: {"title":"Debate Day","club":"Debating Society","dateTime":"April 28 2025 @ 3PM","description":"Learn from language and communication experts how imporve your debating skills. Get a chance to be a part of many debates that are to come."}
Insert successful. ID: 9
Input received: {"title":"Debate Day","club":"Debating Society","dateTime":"April 28 2025 @ 3PM","description":"Learn from language and communication experts how imporve your debating skills. Get a chance to be a part of many debates that are to come."}
Insert successful. ID: 10
Input received: {"title":"Drama Night","club":"Theatre Club","dateTime":"2025-05-24 19:00:00","description":"Showcase your acting/musical skills and you can also come just for entertainment!!"}
Insert successful. ID: 11
Input received: {"title":"Drama Night","club":"Theatre Club","dateTime":"2025-05-24 19:00:00","description":"Showcase your acting/musical skills and you can also come just for entertainment!!"}
Insert successful. ID: 12
Input received: {"title":"Photography Workshop","club":"Media Club","dateTime":"2025-05-20 14:00:00","description":"Special guests from abroad will be present at the club to teach how to level up from amateur to pro level photography, and also to give exclusive hands-on tips and tricks!"}
Insert successful. ID: 13
Input received: {"title":"Photography Workshop","club":"Media Club","dateTime":"2025-05-20 14:00:00","description":"Special guests from abroad will be present at the club to teach how to level up from amateur to pro level photography, and also to give exclusive hands-on tips and tricks!"}
Insert successful. ID: 14
Input received: {"title":"jjn","club":"pp","dateTime":"2025-05-24 19:00:00","description":"hghg"}
Insert successful. ID: 15
Input received: {"title":"jjn","club":"pp","dateTime":"2025-05-24 19:00:00","description":"hghg"}
Insert successful. ID: 16
Input received: {"title":"jnj","club":"oko","dateTime":"2025-05-20 14:00:00","description":"ghbh"}
Insert successful. ID: 17
Input received: {"title":"jnj","club":"oko","dateTime":"2025-05-20 14:00:00","description":"ghbh"}
Insert successful. ID: 18
Input received: {"title":"abs","club":"ndbwd","dateTime":"2025-05-25 10:00:00","description":"jnjw"}
Insert successful. ID: 19
Input received: {"title":"abs","club":"ndbwd","dateTime":"2025-05-25 10:00:00","description":"jnjw"}
Insert successful. ID: 20
Input received: {"title":"Music Show","club":"Music Club","dateTime":"2025-05-24 17:00:00","description":"Learn various instruments from instrumentalists."}
Insert successful. ID: 21
